13386	1D8M1D24M1I51M1I13M1D5M1D4M1I41M1I60M15D16M18I59M1I139M5D39M3D5M2I4M1D7M1D91M1D6M3D30M4I51M4I32M
33192	1D8M1D24M1I51M1I13M1D5M1D4M1I41M1I60M15D16M18I59M1I139M5D39M3D5M2I4M1D7M1D91M1D6M3D30M4I51M4I32M
164267	1D8M1D24M1I51M1I13M1D5M1D4M1I41M1I60M15D16M18I59M1I139M5D39M3D5M2I4M1D7M1D91M1D6M3D30M4I51M4I32M
164279	1D94M2D114M1I88M1D156M10D22M1D113M7I116M
302245	1D8M1D24M1I51M1I13M1D5M1D4M1I41M1I60M15D16M18I59M1I105M313D
308465	112D99M1I88M1D159M259D7S
699209	284D16M1I139M5D39M3D5M2I4M1D7M1D91M1D6M3D30M4I51M4I32M
807845	1D94M2D114M1I88M1D156M10D22M1D113M7I116M
807861	1D8M1D24M1I51M1I13M1D5M1D4M1I41M1I60M15D16M18I59M1I139M5D37M3D7M2I4M1D7M1D91M1D6M3D30M4I51M4I32M
976648	1D8M1D24M1I51M1I13M1D5M1D4M1I41M1I60M15D16M18I59M1I139M5D39M3D5M2I4M1D7M1D91M1D6M3D30M4I51M4I32M
1103038	1D8M1D24M1I51M1I13M1D5M1D4M1I41M1I60M15D16M18I59M1I139M5D39M3D5M2I4M1D7M1D91M1D6M3D30M4I51M4I32M
7535	95M2D114M1I88M1D156M10D22M1D113M7I115M1D
7571	9M1D24M1I51M1I13M1D5M1D4M1I41M1I60M15D16M18I59M1I139M5D37M3D7M2I4M1D7M1D91M1D6M3D30M4I51M4I31M1D
19949	1S45D40M1I13M1D5M1D4M1I41M1I60M15D16M18I59M1I139M5D39M3D5M2I4M1D7M1D91M1D6M3D30M4I51M4I31M1D
57852	1D8M1D24M1I51M1I13M1D5M1D4M1I41M1I60M15D16M18I59M1I139M5D39M3D5M2I4M1D7M1D91M1D6M3D30M4I51M4I32M
166982	1D8M1D24M1I51M1I13M1D5M1D4M1I41M1I60M15D16M18I59M1I139M5D39M3D5M2I4M1D7M1D91M1D6M3D30M4I51M4I32M
186994	9M1D24M1I51M1I13M1D5M1D4M1I41M1I32M536D
194669	9M1D24M1I51M1I13M1D5M1D4M1I41M1I60M15D16M18I59M1I139M5D39M3D5M2I4M1D7M1D91M1D6M3D30M4I51M4I31M1D
194679	95M2D114M1I88M1D156M10D22M1D113M7I115M1D
199674	1D8M1D24M1I51M1I13M1D5M1D4M1I41M1I60M15D16M18I59M1I139M5D39M3D5M2I4M1D7M1D91M1D6M3D30M4I51M4I32M
208752	95M2D114M1I88M1D156M10D22M1D113M7I115M1D
229702	1D94M2D114M1I88M1D156M10D22M1D113M7I116M
316668	1S16D18M1I51M1I13M1D5M1D4M1I19M590D
579451	95M2D114M1I88M1D156M10D22M1D113M7I115M1D
798811	1D94M2D114M1I88M1D156M10D22M1D113M7I116M
798812	1D8M1D24M1I51M1I13M1D5M1D4M1I41M1I60M15D16M18I59M1I139M5D39M3D5M2I4M1D7M1D91M1D6M3D30M4I51M4I32M
975461	1D94M2D114M1I88M1D156M10D22M1D113M7I116M
984802	95M2D114M1I88M1D156M10D22M1D113M7I115M1D
1010723	9M1D24M1I51M1I13M1D5M1D4M1I41M1I60M15D16M18I59M1I139M5D39M3D5M2I4M1D7M1D91M1D6M3D30M4I51M4I31M1D
1040177	9M1D24M1I51M1I13M1D5M1D4M1I41M1I60M15D16M18I59M1I139M5D39M3D5M2I4M1D7M1D91M1D6M3D30M4I51M4I31M1D
1057998	9M1D24M1I51M1I13M1D5M1D4M1I41M1I60M15D16M18I59M1I139M5D39M3D5M2I4M1D7M1D91M1D6M3D30M4I51M4I31M1D
1058021	95M2D114M1I88M1D156M10D22M1D113M7I115M1D
1058446	9M1D24M1I51M1I13M1D5M1D4M1I41M1I60M15D16M18I59M1I139M5D39M3D5M2I4M1D7M1D91M1D6M3D30M4I51M4I31M1D
1106126	1D8M1D24M1I51M1I13M1D5M1D4M1I41M1I60M15D16M18I59M1I139M5D39M3D5M2I4M1D7M1D91M1D6M3D30M4I51M4I32M
